mode: set
github.com/antonvlasov/avito/netmanager/parser.go:35.76,36.58 1 1
github.com/antonvlasov/avito/netmanager/parser.go:36.58,40.17 4 1
github.com/antonvlasov/avito/netmanager/parser.go:45.3,47.17 2 1
github.com/antonvlasov/avito/netmanager/parser.go:51.3,52.17 2 1
github.com/antonvlasov/avito/netmanager/parser.go:56.3,58.17 2 1
github.com/antonvlasov/avito/netmanager/parser.go:62.3,62.70 1 1
github.com/antonvlasov/avito/netmanager/parser.go:40.17,42.12 2 0
github.com/antonvlasov/avito/netmanager/parser.go:47.17,49.12 2 0
github.com/antonvlasov/avito/netmanager/parser.go:52.17,54.12 2 0
github.com/antonvlasov/avito/netmanager/parser.go:58.17,60.12 2 1
github.com/antonvlasov/avito/netmanager/parser.go:65.74,68.16 3 1
github.com/antonvlasov/avito/netmanager/parser.go:71.2,71.32 1 1
github.com/antonvlasov/avito/netmanager/parser.go:78.2,78.28 1 1
github.com/antonvlasov/avito/netmanager/parser.go:68.16,70.3 1 0
github.com/antonvlasov/avito/netmanager/parser.go:71.32,72.33 1 1
github.com/antonvlasov/avito/netmanager/parser.go:75.3,76.50 2 1
github.com/antonvlasov/avito/netmanager/parser.go:72.33,74.4 1 1
github.com/antonvlasov/avito/netmanager/parser.go:80.62,83.16 3 1
github.com/antonvlasov/avito/netmanager/parser.go:86.2,88.8 2 1
github.com/antonvlasov/avito/netmanager/parser.go:83.16,85.3 1 0
github.com/antonvlasov/avito/netmanager/parser.go:90.66,92.17 1 1
github.com/antonvlasov/avito/netmanager/parser.go:95.2,96.16 2 1
github.com/antonvlasov/avito/netmanager/parser.go:99.2,107.20 3 1
github.com/antonvlasov/avito/netmanager/parser.go:92.17,94.3 1 1
github.com/antonvlasov/avito/netmanager/parser.go:96.16,98.3 1 0
github.com/antonvlasov/avito/netmanager/parser.go:110.56,113.16 3 1
github.com/antonvlasov/avito/netmanager/parser.go:116.2,118.16 3 1
github.com/antonvlasov/avito/netmanager/parser.go:121.2,122.38 2 1
github.com/antonvlasov/avito/netmanager/parser.go:113.16,115.3 1 0
github.com/antonvlasov/avito/netmanager/parser.go:118.16,120.3 1 0
github.com/antonvlasov/avito/netmanager/mail.go:23.52,25.15 2 1
github.com/antonvlasov/avito/netmanager/mail.go:30.2,38.16 5 1
github.com/antonvlasov/avito/netmanager/mail.go:41.2,41.12 1 1
github.com/antonvlasov/avito/netmanager/mail.go:25.15,27.3 1 1
github.com/antonvlasov/avito/netmanager/mail.go:27.8,29.3 1 1
github.com/antonvlasov/avito/netmanager/mail.go:38.16,40.3 1 1
