mode: set
github.com/antonvlasov/avito/dbmanager/dbinit.go:12.27,15.16 3 1
github.com/antonvlasov/avito/dbmanager/dbinit.go:18.2,49.16 3 1
github.com/antonvlasov/avito/dbmanager/dbinit.go:15.16,17.3 1 0
github.com/antonvlasov/avito/dbmanager/dbinit.go:49.16,51.3 1 0
github.com/antonvlasov/avito/dbmanager/dbinit.go:54.14,56.2 1 1
github.com/antonvlasov/avito/dbmanager/dbinit.go:58.16,59.15 1 0
github.com/antonvlasov/avito/dbmanager/dbinit.go:62.2,62.83 1 0
github.com/antonvlasov/avito/dbmanager/dbinit.go:59.15,61.3 1 0
github.com/antonvlasov/avito/dbmanager/dbinteraction.go:23.47,24.15 1 1
github.com/antonvlasov/avito/dbmanager/dbinteraction.go:27.2,28.16 2 1
github.com/antonvlasov/avito/dbmanager/dbinteraction.go:31.2,32.18 2 1
github.com/antonvlasov/avito/dbmanager/dbinteraction.go:37.2,37.19 1 1
github.com/antonvlasov/avito/dbmanager/dbinteraction.go:24.15,26.3 1 0
github.com/antonvlasov/avito/dbmanager/dbinteraction.go:28.16,30.3 1 0
github.com/antonvlasov/avito/dbmanager/dbinteraction.go:32.18,36.3 3 1
github.com/antonvlasov/avito/dbmanager/dbinteraction.go:39.59,40.15 1 1
github.com/antonvlasov/avito/dbmanager/dbinteraction.go:43.2,44.16 2 1
github.com/antonvlasov/avito/dbmanager/dbinteraction.go:47.2,48.18 2 1
github.com/antonvlasov/avito/dbmanager/dbinteraction.go:51.2,51.19 1 1
github.com/antonvlasov/avito/dbmanager/dbinteraction.go:40.15,42.3 1 0
github.com/antonvlasov/avito/dbmanager/dbinteraction.go:44.16,46.3 1 0
github.com/antonvlasov/avito/dbmanager/dbinteraction.go:48.18,50.3 1 1
github.com/antonvlasov/avito/dbmanager/dbinteraction.go:53.33,54.15 1 1
github.com/antonvlasov/avito/dbmanager/dbinteraction.go:57.2,58.12 2 1
github.com/antonvlasov/avito/dbmanager/dbinteraction.go:54.15,56.3 1 0
github.com/antonvlasov/avito/dbmanager/dbinteraction.go:62.53,63.15 1 1
github.com/antonvlasov/avito/dbmanager/dbinteraction.go:66.2,67.16 2 1
github.com/antonvlasov/avito/dbmanager/dbinteraction.go:70.2,72.18 3 1
github.com/antonvlasov/avito/dbmanager/dbinteraction.go:77.2,78.15 2 1
github.com/antonvlasov/avito/dbmanager/dbinteraction.go:81.2,82.16 2 1
github.com/antonvlasov/avito/dbmanager/dbinteraction.go:85.2,86.16 2 1
github.com/antonvlasov/avito/dbmanager/dbinteraction.go:89.2,89.18 1 1
github.com/antonvlasov/avito/dbmanager/dbinteraction.go:63.15,65.3 1 0
github.com/antonvlasov/avito/dbmanager/dbinteraction.go:67.16,69.3 1 0
github.com/antonvlasov/avito/dbmanager/dbinteraction.go:72.18,75.8 3 1
github.com/antonvlasov/avito/dbmanager/dbinteraction.go:78.15,80.3 1 1
github.com/antonvlasov/avito/dbmanager/dbinteraction.go:82.16,84.3 1 0
github.com/antonvlasov/avito/dbmanager/dbinteraction.go:86.16,88.3 1 0
github.com/antonvlasov/avito/dbmanager/dbinteraction.go:92.51,93.15 1 1
github.com/antonvlasov/avito/dbmanager/dbinteraction.go:96.2,98.16 3 1
github.com/antonvlasov/avito/dbmanager/dbinteraction.go:101.2,102.18 2 1
github.com/antonvlasov/avito/dbmanager/dbinteraction.go:105.2,106.16 2 1
github.com/antonvlasov/avito/dbmanager/dbinteraction.go:109.2,109.12 1 1
github.com/antonvlasov/avito/dbmanager/dbinteraction.go:93.15,95.3 1 0
github.com/antonvlasov/avito/dbmanager/dbinteraction.go:98.16,100.3 1 0
github.com/antonvlasov/avito/dbmanager/dbinteraction.go:102.18,104.3 1 1
github.com/antonvlasov/avito/dbmanager/dbinteraction.go:106.16,108.3 1 0
github.com/antonvlasov/avito/dbmanager/dbinteraction.go:111.42,112.15 1 1
github.com/antonvlasov/avito/dbmanager/dbinteraction.go:115.2,116.16 2 1
github.com/antonvlasov/avito/dbmanager/dbinteraction.go:119.2,121.16 2 1
github.com/antonvlasov/avito/dbmanager/dbinteraction.go:124.2,124.12 1 1
github.com/antonvlasov/avito/dbmanager/dbinteraction.go:112.15,114.3 1 0
github.com/antonvlasov/avito/dbmanager/dbinteraction.go:116.16,118.3 1 0
github.com/antonvlasov/avito/dbmanager/dbinteraction.go:121.16,123.3 1 0
github.com/antonvlasov/avito/dbmanager/dbinteraction.go:126.84,127.15 1 1
github.com/antonvlasov/avito/dbmanager/dbinteraction.go:130.2,131.16 2 1
github.com/antonvlasov/avito/dbmanager/dbinteraction.go:134.2,135.18 2 1
github.com/antonvlasov/avito/dbmanager/dbinteraction.go:140.2,140.27 1 1
github.com/antonvlasov/avito/dbmanager/dbinteraction.go:127.15,129.3 1 0
github.com/antonvlasov/avito/dbmanager/dbinteraction.go:131.16,133.3 1 0
github.com/antonvlasov/avito/dbmanager/dbinteraction.go:135.18,139.3 3 1
github.com/antonvlasov/avito/dbmanager/dbinteraction.go:142.48,143.15 1 1
github.com/antonvlasov/avito/dbmanager/dbinteraction.go:146.2,147.16 2 1
github.com/antonvlasov/avito/dbmanager/dbinteraction.go:150.2,150.18 1 1
github.com/antonvlasov/avito/dbmanager/dbinteraction.go:154.2,155.16 2 1
github.com/antonvlasov/avito/dbmanager/dbinteraction.go:158.2,158.12 1 1
github.com/antonvlasov/avito/dbmanager/dbinteraction.go:143.15,145.3 1 0
github.com/antonvlasov/avito/dbmanager/dbinteraction.go:147.16,149.3 1 0
github.com/antonvlasov/avito/dbmanager/dbinteraction.go:150.18,153.3 2 1
github.com/antonvlasov/avito/dbmanager/dbinteraction.go:155.16,157.3 1 1
github.com/antonvlasov/avito/dbmanager/dbinteraction.go:160.59,161.15 1 1
github.com/antonvlasov/avito/dbmanager/dbinteraction.go:164.2,167.16 4 1
github.com/antonvlasov/avito/dbmanager/dbinteraction.go:170.2,170.12 1 1
github.com/antonvlasov/avito/dbmanager/dbinteraction.go:161.15,162.21 1 0
github.com/antonvlasov/avito/dbmanager/dbinteraction.go:167.16,169.3 1 0
