mode: set
github.com/antonvlasov/avito/handler/handler.go:14.30,17.12 3 1
github.com/antonvlasov/avito/handler/handler.go:17.12,20.7 3 1
github.com/antonvlasov/avito/handler/handler.go:20.7,21.18 1 1
github.com/antonvlasov/avito/handler/handler.go:24.4,26.18 3 1
github.com/antonvlasov/avito/handler/handler.go:21.18,22.10 1 0
github.com/antonvlasov/avito/handler/handler.go:26.18,30.5 3 0
github.com/antonvlasov/avito/handler/handler.go:37.13,39.2 1 1
github.com/antonvlasov/avito/handler/handler.go:41.105,43.23 2 1
github.com/antonvlasov/avito/handler/handler.go:46.2,47.35 2 1
github.com/antonvlasov/avito/handler/handler.go:43.23,45.3 1 1
github.com/antonvlasov/avito/handler/handler.go:47.35,49.3 1 1
github.com/antonvlasov/avito/handler/handler.go:51.84,52.29 1 1
github.com/antonvlasov/avito/handler/handler.go:60.2,60.9 1 0
github.com/antonvlasov/avito/handler/handler.go:52.29,56.17 4 1
github.com/antonvlasov/avito/handler/handler.go:56.17,58.4 1 0
github.com/antonvlasov/avito/handler/handler.go:61.19,62.42 1 0
github.com/antonvlasov/avito/handler/handler.go:63.10,64.17 1 0
github.com/antonvlasov/avito/handler/handler.go:67.94,68.29 1 1
github.com/antonvlasov/avito/handler/handler.go:87.2,87.9 1 1
github.com/antonvlasov/avito/handler/handler.go:68.29,71.17 3 1
github.com/antonvlasov/avito/handler/handler.go:74.3,74.32 1 1
github.com/antonvlasov/avito/handler/handler.go:71.17,73.4 1 0
github.com/antonvlasov/avito/handler/handler.go:74.32,75.85 1 1
github.com/antonvlasov/avito/handler/handler.go:78.4,78.29 1 1
github.com/antonvlasov/avito/handler/handler.go:81.4,82.18 2 1
github.com/antonvlasov/avito/handler/handler.go:75.85,77.5 1 1
github.com/antonvlasov/avito/handler/handler.go:78.29,80.5 1 0
github.com/antonvlasov/avito/handler/handler.go:82.18,84.5 1 0
github.com/antonvlasov/avito/handler/handler.go:88.19,89.42 1 0
github.com/antonvlasov/avito/handler/handler.go:90.10,91.17 1 1
github.com/antonvlasov/avito/handler/handler.go:94.24,96.16 2 1
github.com/antonvlasov/avito/handler/handler.go:99.2,110.18 10 1
github.com/antonvlasov/avito/handler/handler.go:121.2,122.6 2 1
github.com/antonvlasov/avito/handler/handler.go:144.2,144.12 1 0
github.com/antonvlasov/avito/handler/handler.go:96.16,98.3 1 0
github.com/antonvlasov/avito/handler/handler.go:110.18,112.29 2 1
github.com/antonvlasov/avito/handler/handler.go:115.3,115.48 1 1
github.com/antonvlasov/avito/handler/handler.go:119.3,119.48 1 1
github.com/antonvlasov/avito/handler/handler.go:112.29,114.4 1 0
github.com/antonvlasov/avito/handler/handler.go:115.48,118.4 2 1
github.com/antonvlasov/avito/handler/handler.go:122.6,123.10 1 1
github.com/antonvlasov/avito/handler/handler.go:124.26,125.18 1 0
github.com/antonvlasov/avito/handler/handler.go:128.4,129.23 2 0
github.com/antonvlasov/avito/handler/handler.go:133.26,134.18 1 1
github.com/antonvlasov/avito/handler/handler.go:137.4,138.23 2 1
github.com/antonvlasov/avito/handler/handler.go:125.18,127.5 1 0
github.com/antonvlasov/avito/handler/handler.go:129.23,131.5 1 0
github.com/antonvlasov/avito/handler/handler.go:134.18,136.5 1 0
github.com/antonvlasov/avito/handler/handler.go:138.23,140.5 1 0
