mode: set
github.com/antonvlasov/avito/netmanager/mail.go:14.13,16.16 2 1
github.com/antonvlasov/avito/netmanager/mail.go:19.2,22.16 4 1
github.com/antonvlasov/avito/netmanager/mail.go:25.2,26.17 2 1
github.com/antonvlasov/avito/netmanager/mail.go:29.2,30.13 2 1
github.com/antonvlasov/avito/netmanager/mail.go:16.16,18.3 1 0
github.com/antonvlasov/avito/netmanager/mail.go:22.16,24.3 1 0
github.com/antonvlasov/avito/netmanager/mail.go:26.17,28.3 1 0
github.com/antonvlasov/avito/netmanager/mail.go:32.52,34.15 2 1
github.com/antonvlasov/avito/netmanager/mail.go:39.2,40.32 2 1
github.com/antonvlasov/avito/netmanager/mail.go:34.15,36.3 1 1
github.com/antonvlasov/avito/netmanager/mail.go:36.8,38.3 1 1
github.com/antonvlasov/avito/netmanager/mail.go:42.52,45.2 2 0
github.com/antonvlasov/avito/netmanager/mail.go:46.54,54.16 5 1
github.com/antonvlasov/avito/netmanager/mail.go:57.2,57.12 1 1
github.com/antonvlasov/avito/netmanager/mail.go:54.16,56.3 1 1
github.com/antonvlasov/avito/netmanager/parser.go:25.13,28.16 3 1
github.com/antonvlasov/avito/netmanager/parser.go:31.2,31.23 1 1
github.com/antonvlasov/avito/netmanager/parser.go:28.16,30.3 1 0
github.com/antonvlasov/avito/netmanager/parser.go:40.79,41.64 1 1
github.com/antonvlasov/avito/netmanager/parser.go:41.64,45.17 4 1
github.com/antonvlasov/avito/netmanager/parser.go:50.3,52.17 2 1
github.com/antonvlasov/avito/netmanager/parser.go:56.3,57.17 2 1
github.com/antonvlasov/avito/netmanager/parser.go:61.3,63.17 2 1
github.com/antonvlasov/avito/netmanager/parser.go:67.3,67.70 1 1
github.com/antonvlasov/avito/netmanager/parser.go:45.17,47.12 2 0
github.com/antonvlasov/avito/netmanager/parser.go:52.17,54.12 2 0
github.com/antonvlasov/avito/netmanager/parser.go:57.17,59.12 2 0
github.com/antonvlasov/avito/netmanager/parser.go:63.17,65.12 2 1
github.com/antonvlasov/avito/netmanager/parser.go:70.74,73.16 3 1
github.com/antonvlasov/avito/netmanager/parser.go:76.2,76.32 1 1
github.com/antonvlasov/avito/netmanager/parser.go:83.2,83.28 1 1
github.com/antonvlasov/avito/netmanager/parser.go:73.16,75.3 1 0
github.com/antonvlasov/avito/netmanager/parser.go:76.32,77.33 1 1
github.com/antonvlasov/avito/netmanager/parser.go:80.3,81.50 2 1
github.com/antonvlasov/avito/netmanager/parser.go:77.33,79.4 1 1
github.com/antonvlasov/avito/netmanager/parser.go:85.62,88.16 3 1
github.com/antonvlasov/avito/netmanager/parser.go:91.2,93.8 2 1
github.com/antonvlasov/avito/netmanager/parser.go:88.16,90.3 1 0
github.com/antonvlasov/avito/netmanager/parser.go:95.66,96.17 1 1
github.com/antonvlasov/avito/netmanager/parser.go:99.2,100.16 2 1
github.com/antonvlasov/avito/netmanager/parser.go:103.2,111.20 3 1
github.com/antonvlasov/avito/netmanager/parser.go:96.17,98.3 1 1
github.com/antonvlasov/avito/netmanager/parser.go:100.16,102.3 1 0
github.com/antonvlasov/avito/netmanager/parser.go:114.56,117.16 3 1
github.com/antonvlasov/avito/netmanager/parser.go:120.2,122.16 3 1
github.com/antonvlasov/avito/netmanager/parser.go:125.2,126.38 2 1
github.com/antonvlasov/avito/netmanager/parser.go:117.16,119.3 1 0
github.com/antonvlasov/avito/netmanager/parser.go:122.16,124.3 1 0
