mode: set
github.com/antonvlasov/avito/httpserver/httpserver.go:17.12,23.2 5 1
github.com/antonvlasov/avito/httpserver/httpserver.go:24.42,26.16 2 1
github.com/antonvlasov/avito/httpserver/httpserver.go:29.2,29.13 1 1
github.com/antonvlasov/avito/httpserver/httpserver.go:26.16,28.3 1 1
github.com/antonvlasov/avito/httpserver/httpserver.go:31.47,34.14 3 1
github.com/antonvlasov/avito/httpserver/httpserver.go:37.2,38.32 2 1
github.com/antonvlasov/avito/httpserver/httpserver.go:43.2,44.21 2 1
github.com/antonvlasov/avito/httpserver/httpserver.go:47.2,48.25 2 1
github.com/antonvlasov/avito/httpserver/httpserver.go:51.2,52.16 2 1
github.com/antonvlasov/avito/httpserver/httpserver.go:34.14,36.3 1 0
github.com/antonvlasov/avito/httpserver/httpserver.go:38.32,40.3 1 1
github.com/antonvlasov/avito/httpserver/httpserver.go:40.8,42.3 1 0
github.com/antonvlasov/avito/httpserver/httpserver.go:44.21,46.3 1 0
github.com/antonvlasov/avito/httpserver/httpserver.go:48.25,50.3 1 0
github.com/antonvlasov/avito/httpserver/httpserver.go:54.64,56.2 1 1
github.com/antonvlasov/avito/httpserver/httpserver.go:57.71,61.29 4 1
github.com/antonvlasov/avito/httpserver/httpserver.go:66.2,67.16 2 1
github.com/antonvlasov/avito/httpserver/httpserver.go:72.2,73.16 2 1
github.com/antonvlasov/avito/httpserver/httpserver.go:78.2,78.14 1 1
github.com/antonvlasov/avito/httpserver/httpserver.go:88.2,89.16 2 1
github.com/antonvlasov/avito/httpserver/httpserver.go:94.2,94.57 1 1
github.com/antonvlasov/avito/httpserver/httpserver.go:61.29,65.3 3 0
github.com/antonvlasov/avito/httpserver/httpserver.go:67.16,71.3 3 0
github.com/antonvlasov/avito/httpserver/httpserver.go:73.16,77.3 3 0
github.com/antonvlasov/avito/httpserver/httpserver.go:78.14,80.17 2 1
github.com/antonvlasov/avito/httpserver/httpserver.go:85.3,86.9 2 1
github.com/antonvlasov/avito/httpserver/httpserver.go:80.17,84.4 3 0
github.com/antonvlasov/avito/httpserver/httpserver.go:89.16,93.3 3 0
github.com/antonvlasov/avito/httpserver/httpserver.go:96.43,98.16 2 1
github.com/antonvlasov/avito/httpserver/httpserver.go:101.2,103.16 3 1
github.com/antonvlasov/avito/httpserver/httpserver.go:106.2,107.12 2 1
github.com/antonvlasov/avito/httpserver/httpserver.go:98.16,100.3 1 0
github.com/antonvlasov/avito/httpserver/httpserver.go:103.16,105.3 1 0
github.com/antonvlasov/avito/httpserver/httpserver.go:109.46,111.16 2 1
github.com/antonvlasov/avito/httpserver/httpserver.go:114.2,115.17 2 1
github.com/antonvlasov/avito/httpserver/httpserver.go:111.16,113.3 1 0
github.com/antonvlasov/avito/httpserver/httpserver.go:117.50,124.20 7 1
github.com/antonvlasov/avito/httpserver/httpserver.go:127.2,129.16 3 1
github.com/antonvlasov/avito/httpserver/httpserver.go:132.2,133.16 2 1
github.com/antonvlasov/avito/httpserver/httpserver.go:136.2,136.12 1 1
github.com/antonvlasov/avito/httpserver/httpserver.go:124.20,126.3 1 0
github.com/antonvlasov/avito/httpserver/httpserver.go:129.16,131.3 1 0
github.com/antonvlasov/avito/httpserver/httpserver.go:133.16,135.3 1 0
github.com/antonvlasov/avito/httpserver/httpserver.go:138.67,142.16 4 1
github.com/antonvlasov/avito/httpserver/httpserver.go:147.2,147.14 1 1
github.com/antonvlasov/avito/httpserver/httpserver.go:151.2,151.33 1 1
github.com/antonvlasov/avito/httpserver/httpserver.go:142.16,146.3 3 0
github.com/antonvlasov/avito/httpserver/httpserver.go:147.14,150.3 2 1
